#
# A fatal error has been detected by the Java Runtime Environment:
#
#  EXCEPTION_ACCESS_VIOLATION (0xc0000005) at pc=0x679bd35b, pid=8076, tid=6696
#
# JRE version: Java(TM) SE Runtime Environment (7.0_51-b13) (build 1.7.0_51-b13)
# Java VM: Java HotSpot(TM) Client VM (24.51-b03 mixed mode windows-x86 )
# Problematic frame:
# V  [jvm.dll+0xdd35b]
#
# Failed to write core dump. Minidumps are not enabled by default on client versions of Windows
#
# If you would like to submit a bug report, please visit:
#   http://bugreport.sun.com/bugreport/crash.jsp
#

---------------  T H R E A D  ---------------

Current thread (0x18fbe400):  JavaThread "JDWP Transport Listener: dt_socket" daemon [_thread_in_vm, id=6696, stack(0x19680000,0x196d0000)]

siginfo: ExceptionCode=0xc0000005, reading address 0x656d756e

Registers:
EAX=0x656d756e, EBX=0x00000000, ECX=0x656d756e, EDX=0x00000000
ESP=0x196cf5d4, EBP=0x196cf5d8, ESI=0x02d26c98, EDI=0x196cf6b8
EIP=0x679bd35b, EFLAGS=0x00010202

Top of Stack: (sp=0x196cf5d4)
0x196cf5d4:   02d26c98 196cf600 67aee1da 656d756e
0x196cf5e4:   196cf63b 18fbe400 00000000 00000000
0x196cf5f4:   00000000 18fbe400 18fbe400 196cf63c
0x196cf604:   71769d9d 02d26c98 656d756e 196cf63b
0x196cf614:   656d756e 7175436d 656d756e 196cf63b
0x196cf624:   00000003 00000000 00000000 00000009
0x196cf634:   00000000 00fca430 196cf65c 717544e0
0x196cf644:   00000001 196cf678 196cf6b4 190ac7d0 

Instructions: (pc=0x679bd35b)
0x679bd33b:   89 4f 04 8b 56 0c 89 57 08 8b 46 10 89 47 0c 5f
0x679bd34b:   5e 5d c2 0c 00 55 8b ec 8b 45 08 56 85 c0 74 28
0x679bd35b:   8b 30 85 f6 74 22 81 fe fe fe fe fe 74 1a 8b 4e
0x679bd36b:   04 8b 41 08 8b 90 90 00 00 00 83 c1 08 ff d2 84 


Register to memory mapping:

EAX=0x656d756e is an unknown value
EBX=0x00000000 is an unknown value
ECX=0x656d756e is an unknown value
EDX=0x00000000 is an unknown value
ESP=0x196cf5d4 is pointing into the stack for thread: 0x18fbe400
EBP=0x196cf5d8 is pointing into the stack for thread: 0x18fbe400
ESI=0x02d26c98 is an unknown value
EDI=0x196cf6b8 is pointing into the stack for thread: 0x18fbe400


Stack: [0x19680000,0x196d0000],  sp=0x196cf5d4,  free space=317k
Native frames: (J=compiled Java code, j=interpreted, Vv=VM code, C=native code)
V  [jvm.dll+0xdd35b]
V  [jvm.dll+0x20e1da]
C  [jdwp.dll+0x19d9d]
C  [jdwp.dll+0x44e0]
C  [jdwp.dll+0x451e]


---------------  P R O C E S S  ---------------

Java Threads: ( => current thread )
  0x18fd7000 JavaThread "Service Thread" daemon [_thread_blocked, id=1284, stack(0x198c0000,0x19910000)]
  0x18fd1c00 JavaThread "C1 CompilerThread0" daemon [_thread_blocked, id=9540, stack(0x19830000,0x19880000)]
  0x18fc4800 JavaThread "JDWP Command Reader" daemon [_thread_in_native, id=4156, stack(0x197a0000,0x197f0000)]
  0x18fc1000 JavaThread "JDWP Event Helper Thread" daemon [_thread_blocked, id=6436, stack(0x19710000,0x19760000)]
=>0x18fbe400 JavaThread "JDWP Transport Listener: dt_socket" daemon [_thread_in_vm, id=6696, stack(0x19680000,0x196d0000)]
  0x18f97800 JavaThread "Attach Listener" daemon [_thread_blocked, id=7708, stack(0x19260000,0x192b0000)]
  0x18f95800 JavaThread "Signal Dispatcher" daemon [_thread_blocked, id=3916, stack(0x191d0000,0x19220000)]
  0x02cc7000 JavaThread "Finalizer" daemon [_thread_blocked, id=8380, stack(0x18f40000,0x18f90000)]
  0x02cc2000 JavaThread "Reference Handler" daemon [_thread_blocked, id=6840, stack(0x18eb0000,0x18f00000)]
  0x02d2b800 JavaThread "main" [_thread_blocked, id=9192, stack(0x02750000,0x027a0000)]

Other Threads:
  0x02cc0c00 VMThread [stack: 0x18e20000,0x18e70000] [id=9968]
  0x18fe0c00 WatcherThread [stack: 0x19950000,0x199a0000] [id=11056]

VM state:not at safepoint (normal execution)

VM Mutex/Monitor currently owned by a thread: None

Heap
 def new generation   total 4928K, used 1109K [0x04d30000, 0x05280000, 0x0a280000)
  eden space 4416K,  25% used [0x04d30000, 0x04e457c8, 0x05180000)
  from space 512K,   0% used [0x05180000, 0x05180000, 0x05200000)
  to   space 512K,   0% used [0x05200000, 0x05200000, 0x05280000)
 tenured generation   total 10944K, used 0K [0x0a280000, 0x0ad30000, 0x14d30000)
   the space 10944K,   0% used [0x0a280000, 0x0a280000, 0x0a280200, 0x0ad30000)
 compacting perm gen  total 12288K, used 2151K [0x14d30000, 0x15930000, 0x18d30000)
   the space 12288K,  17% used [0x14d30000, 0x14f49f38, 0x14f4a000, 0x15930000)
No shared spaces configured.

Card table byte_map: [0x18d30000,0x18de0000] byte_map_base: 0x18d09680

Polling page: 0x00fc0000

Code Cache  [0x02d30000, 0x02dd0000, 0x04d30000)
 total_blobs=144 nmethods=17 adapters=73 free_code_cache=32151Kb largest_free_block=32923072

Compilation events (10 events):
Event: 0.254 Thread 0x18fd1c00   13             sun.misc.ASCIICaseInsensitiveComparator::toLower (16 bytes)
Event: 0.254 Thread 0x18fd1c00 nmethod 13 0x02dc8a48 code [0x02dc8b40, 0x02dc8bd0]
Event: 0.254 Thread 0x18fd1c00   14             sun.misc.ASCIICaseInsensitiveComparator::isUpper (18 bytes)
Event: 0.254 Thread 0x18fd1c00 nmethod 14 0x02dc8c48 code [0x02dc8d40, 0x02dc8dd0]
Event: 0.254 Thread 0x18fd1c00   15             sun.misc.ASCIICaseInsensitiveComparator::compare (126 bytes)
Event: 0.255 Thread 0x18fd1c00 nmethod 15 0x02dc8e08 code [0x02dc8f50, 0x02dc9208]
Event: 0.257 Thread 0x18fd1c00   16             java.io.BufferedInputStream::getBufIfOpen (21 bytes)
Event: 0.258 Thread 0x18fd1c00 nmethod 16 0x02dc9788 code [0x02dc9890, 0x02dc998c]
Event: 0.258 Thread 0x18fd1c00   17  s          java.io.BufferedInputStream::read (49 bytes)
Event: 0.258 Thread 0x18fd1c00 nmethod 17 0x02dc9a48 code [0x02dc9b70, 0x02dc9e68]

GC Heap History (0 events):
No events

Deoptimization events (0 events):
No events

Internal exceptions (6 events):
Event: 0.028 Thread 0x02d2b800 Threw 0x04d3fc08 at C:\re\jdk7u51\527\hotspot\src\share\vm\prims\jni.cpp:3991
Event: 0.213 Thread 0x02d2b800 Threw 0x04dbe760 at C:\re\jdk7u51\527\hotspot\src\share\vm\prims\jvm.cpp:1244
Event: 0.234 Thread 0x02d2b800 Threw 0x04de8e40 at C:\re\jdk7u51\527\hotspot\src\share\vm\prims\jvm.cpp:1244
Event: 0.234 Thread 0x02d2b800 Threw 0x04de8f58 at C:\re\jdk7u51\527\hotspot\src\share\vm\prims\jvm.cpp:1244
Event: 0.235 Thread 0x02d2b800 Threw 0x04dea880 at C:\re\jdk7u51\527\hotspot\src\share\vm\prims\jvm.cpp:1244
Event: 0.235 Thread 0x02d2b800 Threw 0x04dea998 at C:\re\jdk7u51\527\hotspot\src\share\vm\prims\jvm.cpp:1244

Events (10 events):
Event: 114.093 Executing VM operation: GetCurrentLocation
Event: 114.093 Executing VM operation: GetCurrentLocation done
Event: 114.094 Executing VM operation: EnterInterpOnlyMode
Event: 114.094 Executing VM operation: EnterInterpOnlyMode done
Event: 114.094 Executing VM operation: ChangeSingleStep
Event: 114.094 Executing VM operation: ChangeSingleStep done
Event: 114.094 Executing VM operation: ChangeSingleStep
Event: 114.094 Executing VM operation: ChangeSingleStep done
Event: 114.096 Executing VM operation: RedefineClasses
Event: 114.096 Executing VM operation: RedefineClasses done


Dynamic libraries:
0x01190000 - 0x011bf000 	F:\JDK7\bin\javaw.exe
0x77e40000 - 0x77fc3000 	C:\WINDOWS\SYSTEM32\ntdll.dll
0x74c20000 - 0x74d00000 	C:\WINDOWS\System32\KERNEL32.DLL
0x76720000 - 0x768c1000 	C:\WINDOWS\System32\KERNELBASE.dll
0x76be0000 - 0x76c57000 	C:\WINDOWS\System32\ADVAPI32.dll
0x76ce0000 - 0x76d9e000 	C:\WINDOWS\System32\msvcrt.dll
0x76a10000 - 0x76a51000 	C:\WINDOWS\System32\sechost.dll
0x77d60000 - 0x77e21000 	C:\WINDOWS\System32\RPCRT4.dll
0x74900000 - 0x7491e000 	C:\WINDOWS\System32\SspiCli.dll
0x748f0000 - 0x748fa000 	C:\WINDOWS\System32\CRYPTBASE.dll
0x77140000 - 0x7719a000 	C:\WINDOWS\System32\bcryptPrimitives.dll
0x77c00000 - 0x77d5f000 	C:\WINDOWS\System32\USER32.dll
0x74ba0000 - 0x74bb5000 	C:\WINDOWS\System32\win32u.dll
0x76990000 - 0x769bb000 	C:\WINDOWS\System32\GDI32.dll
0x775c0000 - 0x7771b000 	C:\WINDOWS\System32\gdi32full.dll
0x74680000 - 0x7488a000 	C:\WINDOWS\WinSxS\x86_microsoft.windows.common-controls_6595b64144ccf1df_6.0.14393.447_none_89c64d28dafea4b9\COMCTL32.dll
0x74920000 - 0x74b31000 	C:\WINDOWS\System32\combase.dll
0x76f20000 - 0x77000000 	C:\WINDOWS\System32\ucrtbase.dll
0x76960000 - 0x76985000 	C:\WINDOWS\System32\IMM32.DLL
0x6ef40000 - 0x6efff000 	F:\JDK7\bin\msvcr100.dll
0x678e0000 - 0x67c60000 	F:\JDK7\bin\client\jvm.dll
0x778d0000 - 0x778d6000 	C:\WINDOWS\System32\PSAPI.DLL
0x748b0000 - 0x748d4000 	C:\WINDOWS\SYSTEM32\WINMM.dll
0x742d0000 - 0x742d8000 	C:\WINDOWS\SYSTEM32\WSOCK32.dll
0x76c60000 - 0x76cc3000 	C:\WINDOWS\System32\WS2_32.dll
0x743f0000 - 0x74413000 	C:\WINDOWS\SYSTEM32\WINMMBASE.dll
0x77980000 - 0x779b6000 	C:\WINDOWS\System32\cfgmgr32.dll
0x74230000 - 0x7423c000 	F:\JDK7\bin\verify.dll
0x71f40000 - 0x71f60000 	F:\JDK7\bin\java.dll
0x71750000 - 0x7177a000 	F:\JDK7\bin\jdwp.dll
0x71740000 - 0x71747000 	F:\JDK7\bin\npt.dll
0x6ef20000 - 0x6ef33000 	F:\JDK7\bin\zip.dll
0x6eef0000 - 0x6eef8000 	F:\JDK7\bin\dt_socket.dll
0x72cd0000 - 0x72ce2000 	C:\WINDOWS\system32\napinsp.dll
0x72cb0000 - 0x72cc6000 	C:\WINDOWS\system32\pnrpnsp.dll
0x72c90000 - 0x72ca4000 	C:\WINDOWS\system32\NLAapi.dll
0x72d00000 - 0x72d4e000 	C:\WINDOWS\System32\mswsock.dll
0x73560000 - 0x735dc000 	C:\WINDOWS\SYSTEM32\DNSAPI.dll
0x77a80000 - 0x77a87000 	C:\WINDOWS\System32\NSI.dll
0x73470000 - 0x7349f000 	C:\WINDOWS\SYSTEM32\IPHLPAPI.DLL
0x72c80000 - 0x72c8c000 	C:\WINDOWS\System32\winrnr.dll
0x192b0000 - 0x192d2000 	C:\WINDOWS\system32\xunyount.dll
0x74420000 - 0x74428000 	C:\WINDOWS\SYSTEM32\VERSION.dll
0x72ee0000 - 0x72ef4000 	C:\WINDOWS\SYSTEM32\dhcpcsvc.DLL
0x72ea0000 - 0x72ea8000 	C:\WINDOWS\system32\wshqos.dll
0x72e60000 - 0x72e67000 	C:\WINDOWS\SYSTEM32\wshtcpip.DLL
0x72cf0000 - 0x72cf7000 	C:\WINDOWS\SYSTEM32\wship6.dll
0x72b60000 - 0x72ba9000 	C:\WINDOWS\System32\fwpuclnt.dll
0x741b0000 - 0x741cb000 	C:\WINDOWS\SYSTEM32\bcrypt.dll
0x72c70000 - 0x72c78000 	C:\Windows\System32\rasadhlp.dll
0x735e0000 - 0x73725000 	C:\WINDOWS\SYSTEM32\dbghelp.dll

VM Arguments:
jvm_args: -agentlib:jdwp=transport=dt_socket,suspend=y,address=localhost:62420 -Dfile.encoding=UTF-8 
java_command: marsAplusB.Main
Launcher Type: SUN_STANDARD

Environment Variables:
JAVA_HOME=F:\JDK7
PATH=F:\JDK7\jre\bin;F:/JDK7/jre/bin/client;F:/JDK7/jre/bin;F:/JDK7/jre/lib/i386;F:\JDK7\bin;F:\apache-maven-3.3.9\bin;C:\WINDOWS\system32;C:\WINDOWS;C:\WINDOWS\System32\Wbem;C:\WINDOWS\System32\WindowsPowerShell\v1.0\;C:\Program Files\MySQL\MySQL Server 5.5\bin;C:\Users\Zhou\AppData\Local\Microsoft\WindowsApps;;F:\STS\sts-bundle\sts-3.7.0.RELEASE;
USERNAME=Zhou
OS=Windows_NT
PROCESSOR_IDENTIFIER=Intel64 Family 6 Model 58 Stepping 9, GenuineIntel



---------------  S Y S T E M  ---------------

OS: Windows 8 , 64 bit Build 9200 

CPU:total 4 (2 cores per cpu, 2 threads per core) family 6 model 58 stepping 9, cmov, cx8, fxsr, mmx, sse, sse2, sse3, ssse3, sse4.1, sse4.2, popcnt, avx, aes, erms, ht, tsc, tscinvbit, tscinv

Memory: 4k page, physical 4078952k(1910600k free), swap 5377296k(2672608k free)

vm_info: Java HotSpot(TM) Client VM (24.51-b03) for windows-x86 JRE (1.7.0_51-b13), built on Dec 18 2013 19:09:58 by "java_re" with unknown MS VC++:1600

time: Mon Jan 16 13:57:17 2017
elapsed time: 114 seconds

